Build started 19/06/2015 5:53:18 AM.
     1>Project "D:\AIE\GitHub\OpenGLEngineFinal\OpenGlEngine2\OpenGlEngine2\OpenGlEngine2.vcxproj" on node 2 (Build target(s)).
     1>ClCompile:
         D:\Tools\Microsoft Visual Studio 12.0\VC\bin\CL.exe /c /I./Dep/fbx/include /I./Dep/glfw/include /I./Dep/glm /I./Dep/aieutilities /I./Dep/aieutilities/AntTweakBar/include /I./Source /I./Header /I"./Dep/aieutilities/stb-master" /ZI /nologo /W3 /WX- /sdl /Od /Oy- /D WIN32 /D _DEBUG /D _CONSOLE /D GLM_SWIZZLE /D GLM_FORCE_PURE /D _CRT_SECURE_NO_WARNINGS /D _LIB /D _UNICODE /D UNICODE /Gm /EHsc /RTC1 /MDd /GS /fp:precise /Zc:wchar_t /Zc:forScope /Fo"Debug\\" /Fd"Debug\vc120.pdb" /Gd /TP /analyze- /errorReport:prompt Source\CheckersApplication.cpp Source\Main.cpp
         CheckersApplication.cpp
     1>d:\aie\github\openglenginefinal\openglengine2\openglengine2\header\aibase.h(58): warning C4018: '<' : signed/unsigned mismatch
     1>d:\aie\github\openglenginefinal\openglengine2\openglengine2\header\aibase.h(68): warning C4018: '<' : signed/unsigned mismatch
     1>d:\aie\github\openglenginefinal\openglengine2\openglengine2\header\aibase.h(91): warning C4244: 'argument' : conversion from 'float' to 'int', possible loss of data
     1>d:\aie\github\openglenginefinal\openglengine2\openglengine2\header\aibase.h(99): warning C4244: 'argument' : conversion from 'time_t' to 'unsigned int', possible loss of data
     1>d:\aie\github\openglenginefinal\openglengine2\openglengine2\header\aibase.h(110): warning C4018: '<' : signed/unsigned mismatch
     1>d:\aie\github\openglenginefinal\openglengine2\openglengine2\header\aibase.h(220): warning C4018: '<' : signed/unsigned mismatch
     1>d:\aie\github\openglenginefinal\openglengine2\openglengine2\header\aibase.h(238): warning C4018: '<' : signed/unsigned mismatch
     1>d:\aie\github\openglenginefinal\openglengine2\openglengine2\header\aibase.h(347): warning C4018: '<' : signed/unsigned mismatch
     1>d:\aie\github\openglenginefinal\openglengine2\openglengine2\header\aibase.h(425): warning C4018: '<' : signed/unsigned mismatch
     1>d:\aie\github\openglenginefinal\openglengine2\openglengine2\header\aibase.h(446): warning C4018: '<' : signed/unsigned mismatch
     1>d:\aie\github\openglenginefinal\openglengine2\openglengine2\header\aibase.h(479): warning C4018: '<' : signed/unsigned mismatch
     1>d:\aie\github\openglenginefinal\openglengine2\openglengine2\header\aibase.h(495): warning C4018: '<' : signed/unsigned mismatch
     1>d:\aie\github\openglenginefinal\openglengine2\openglengine2\header\aibase.h(518): warning C4018: '<' : signed/unsigned mismatch
     1>d:\aie\github\openglenginefinal\openglengine2\openglengine2\header\aibase.h(533): warning C4018: '<' : signed/unsigned mismatch
     1>d:\aie\github\openglenginefinal\openglengine2\openglengine2\header\aibase.h(564): warning C4018: '<' : signed/unsigned mismatch
     1>d:\aie\github\openglenginefinal\openglengine2\openglengine2\header\aibase.h(576): warning C4018: '<' : signed/unsigned mismatch
     1>d:\aie\github\openglenginefinal\openglengine2\openglengine2\header\aibase.h(600): warning C4018: '<' : signed/unsigned mismatch
     1>d:\aie\github\openglenginefinal\openglengine2\openglengine2\header\aibase.h(716): warning C4018: '<' : signed/unsigned mismatch
     1>d:\aie\github\openglenginefinal\openglengine2\openglengine2\header\aibase.h(726): warning C4018: '<' : signed/unsigned mismatch
     1>d:\aie\github\openglenginefinal\openglengine2\openglengine2\header\aibase.h(737): warning C4018: '<' : signed/unsigned mismatch
     1>d:\aie\github\openglenginefinal\openglengine2\openglengine2\header\aibase.h(845): warning C4018: '<' : signed/unsigned mismatch
     1>d:\aie\github\openglenginefinal\openglengine2\openglengine2\header\aibase.h(865): warning C4018: '<' : signed/unsigned mismatch
     1>d:\aie\github\openglenginefinal\openglengine2\openglengine2\header\aibase.h(867): warning C4244: 'initializing' : conversion from 'float' to 'int', possible loss of data
     1>d:\aie\github\openglenginefinal\openglengine2\openglengine2\header\aibase.h(868): warning C4244: 'initializing' : conversion from 'float' to 'int', possible loss of data
     1>d:\aie\github\openglenginefinal\openglengine2\openglengine2\header\aibase.h(871): warning C4018: '<' : signed/unsigned mismatch
     1>d:\aie\github\openglenginefinal\openglengine2\openglengine2\header\aibase.h(873): warning C4244: 'initializing' : conversion from 'float' to 'int', possible loss of data
     1>d:\aie\github\openglenginefinal\openglengine2\openglengine2\header\aibase.h(874): warning C4244: 'initializing' : conversion from 'float' to 'int', possible loss of data
     1>d:\aie\github\openglenginefinal\openglengine2\openglengine2\source\checkersapplication.cpp(93): warning C4018: '<' : signed/unsigned mismatch
     1>d:\aie\github\openglenginefinal\openglengine2\openglengine2\source\checkersapplication.cpp(106): warning C4018: '<' : signed/unsigned mismatch
     1>d:\aie\github\openglenginefinal\openglengine2\openglengine2\source\checkersapplication.cpp(110): warning C4018: '<' : signed/unsigned mismatch
     1>d:\aie\github\openglenginefinal\openglengine2\openglengine2\source\checkersapplication.cpp(223): warning C4018: '<' : signed/unsigned mismatch
         Generating Code...
         Compiling...
         Main.cpp
     1>d:\aie\github\openglenginefinal\openglengine2\openglengine2\header\aibase.h(58): warning C4018: '<' : signed/unsigned mismatch
     1>d:\aie\github\openglenginefinal\openglengine2\openglengine2\header\aibase.h(68): warning C4018: '<' : signed/unsigned mismatch
     1>d:\aie\github\openglenginefinal\openglengine2\openglengine2\header\aibase.h(91): warning C4244: 'argument' : conversion from 'float' to 'int', possible loss of data
     1>d:\aie\github\openglenginefinal\openglengine2\openglengine2\header\aibase.h(99): warning C4244: 'argument' : conversion from 'time_t' to 'unsigned int', possible loss of data
     1>d:\aie\github\openglenginefinal\openglengine2\openglengine2\header\aibase.h(110): warning C4018: '<' : signed/unsigned mismatch
     1>d:\aie\github\openglenginefinal\openglengine2\openglengine2\header\aibase.h(220): warning C4018: '<' : signed/unsigned mismatch
     1>d:\aie\github\openglenginefinal\openglengine2\openglengine2\header\aibase.h(238): warning C4018: '<' : signed/unsigned mismatch
     1>d:\aie\github\openglenginefinal\openglengine2\openglengine2\header\aibase.h(347): warning C4018: '<' : signed/unsigned mismatch
     1>d:\aie\github\openglenginefinal\openglengine2\openglengine2\header\aibase.h(425): warning C4018: '<' : signed/unsigned mismatch
     1>d:\aie\github\openglenginefinal\openglengine2\openglengine2\header\aibase.h(446): warning C4018: '<' : signed/unsigned mismatch
     1>d:\aie\github\openglenginefinal\openglengine2\openglengine2\header\aibase.h(479): warning C4018: '<' : signed/unsigned mismatch
     1>d:\aie\github\openglenginefinal\openglengine2\openglengine2\header\aibase.h(495): warning C4018: '<' : signed/unsigned mismatch
     1>d:\aie\github\openglenginefinal\openglengine2\openglengine2\header\aibase.h(518): warning C4018: '<' : signed/unsigned mismatch
     1>d:\aie\github\openglenginefinal\openglengine2\openglengine2\header\aibase.h(533): warning C4018: '<' : signed/unsigned mismatch
     1>d:\aie\github\openglenginefinal\openglengine2\openglengine2\header\aibase.h(564): warning C4018: '<' : signed/unsigned mismatch
     1>d:\aie\github\openglenginefinal\openglengine2\openglengine2\header\aibase.h(576): warning C4018: '<' : signed/unsigned mismatch
     1>d:\aie\github\openglenginefinal\openglengine2\openglengine2\header\aibase.h(600): warning C4018: '<' : signed/unsigned mismatch
     1>d:\aie\github\openglenginefinal\openglengine2\openglengine2\header\aibase.h(716): warning C4018: '<' : signed/unsigned mismatch
     1>d:\aie\github\openglenginefinal\openglengine2\openglengine2\header\aibase.h(726): warning C4018: '<' : signed/unsigned mismatch
     1>d:\aie\github\openglenginefinal\openglengine2\openglengine2\header\aibase.h(737): warning C4018: '<' : signed/unsigned mismatch
     1>d:\aie\github\openglenginefinal\openglengine2\openglengine2\header\aibase.h(845): warning C4018: '<' : signed/unsigned mismatch
     1>d:\aie\github\openglenginefinal\openglengine2\openglengine2\header\aibase.h(865): warning C4018: '<' : signed/unsigned mismatch
     1>d:\aie\github\openglenginefinal\openglengine2\openglengine2\header\aibase.h(867): warning C4244: 'initializing' : conversion from 'float' to 'int', possible loss of data
     1>d:\aie\github\openglenginefinal\openglengine2\openglengine2\header\aibase.h(868): warning C4244: 'initializing' : conversion from 'float' to 'int', possible loss of data
     1>d:\aie\github\openglenginefinal\openglengine2\openglengine2\header\aibase.h(871): warning C4018: '<' : signed/unsigned mismatch
     1>d:\aie\github\openglenginefinal\openglengine2\openglengine2\header\aibase.h(873): warning C4244: 'initializing' : conversion from 'float' to 'int', possible loss of data
     1>d:\aie\github\openglenginefinal\openglengine2\openglengine2\header\aibase.h(874): warning C4244: 'initializing' : conversion from 'float' to 'int', possible loss of data
         Generating Code...
       Link:
         D:\Tools\Microsoft Visual Studio 12.0\VC\bin\link.exe /ERRORREPORT:PROMPT /OUT:"D:\AIE\GitHub\OpenGLEngineFinal\OpenGlEngine2\Debug\OpenGlEngine2.exe" /INCREMENTAL /NOLOGO /LIBPATH:"./Dep/glfw/lib-vc2013" /LIBPATH:./Dep/fbx/lib /LIBPATH:./Dep/aieutilities/AntTweakBar/lib opengl32.lib glfw3.lib kernel32.lib user32.lib gdi32.lib winspool.lib comdlg32.lib advapi32.lib shell32.lib ole32.lib oleaut32.lib uuid.lib odbc32.lib odbccp32.lib /MANIFEST /MANIFESTUAC:"level='asInvoker' uiAccess='false'" /manifest:embed /DEBUG /PDB:"D:\AIE\GitHub\OpenGLEngineFinal\OpenGlEngine2\Debug\OpenGlEngine2.pdb" /SUBSYSTEM:CONSOLE /TLBID:1 /DYNAMICBASE /NXCOMPAT /IMPLIB:"D:\AIE\GitHub\OpenGLEngineFinal\OpenGlEngine2\Debug\OpenGlEngine2.lib" /MACHINE:X86 Debug\Gizmos_fix.obj
         Debug\AI.obj
         Debug\Application.obj
         Debug\BaseCamera.obj
         Debug\CheckersApplication.obj
         Debug\CheckersBoard.obj
         Debug\FlyCamera.obj
         Debug\gl_core_4_4.obj
         Debug\Main.obj
         OpenGlEngine2.vcxproj -> D:\AIE\GitHub\OpenGLEngineFinal\OpenGlEngine2\Debug\OpenGlEngine2.exe
     1>Done Building Project "D:\AIE\GitHub\OpenGLEngineFinal\OpenGlEngine2\OpenGlEngine2\OpenGlEngine2.vcxproj" (Build target(s)).

Build succeeded.

Time Elapsed 00:00:11.00
