Build started 19/06/2015 1:25:29 PM.
     1>Project "C:\Users\david.van oss\Desktop\game-test\Checkers\OpenGLEngineFinal\OpenGlEngine2\OpenGlEngine2\OpenGlEngine2.vcxproj" on node 2 (Build target(s)).
     1>ClCompile:
         C:\Program Files (x86)\Microsoft Visual Studio 12.0\VC\bin\CL.exe /c /I./Dep/fbx/include /I./Dep/glfw/include /I./Dep/glm /I./Dep/aieutilities /I./Dep/aieutilities/AntTweakBar/include /I./Source /I./Header /I"./Dep/aieutilities/stb-master" /Zi /nologo /W3 /WX- /sdl /O2 /Oi /Oy- /GL /D WIN32 /D _CONSOLE /D GLM_SWIZZLE /D GLM_FORCE_PURE /D _CRT_SECURE_NO_WARNINGS /D _LIB /D _UNICODE /D UNICODE /Gm- /EHsc /MD /GS /Gy /fp:precise /Zc:wchar_t /Zc:forScope /Fo"Release\\" /Fd"Release\vc120.pdb" /Gd /TP /analyze- /errorReport:prompt Source\CheckersApplication.cpp
         CheckersApplication.cpp
     1>c:\users\david.van oss\desktop\game-test\checkers\openglenginefinal\openglengine2\openglengine2\header\AIBase.h(58): warning C4018: '<' : signed/unsigned mismatch
     1>c:\users\david.van oss\desktop\game-test\checkers\openglenginefinal\openglengine2\openglengine2\header\AIBase.h(68): warning C4018: '<' : signed/unsigned mismatch
     1>c:\users\david.van oss\desktop\game-test\checkers\openglenginefinal\openglengine2\openglengine2\header\AIBase.h(91): warning C4244: 'argument' : conversion from 'float' to 'int', possible loss of data
     1>c:\users\david.van oss\desktop\game-test\checkers\openglenginefinal\openglengine2\openglengine2\header\AIBase.h(98): warning C4244: 'argument' : conversion from 'time_t' to 'unsigned int', possible loss of data
     1>c:\users\david.van oss\desktop\game-test\checkers\openglenginefinal\openglengine2\openglengine2\header\AIBase.h(109): warning C4018: '<' : signed/unsigned mismatch
     1>c:\users\david.van oss\desktop\game-test\checkers\openglenginefinal\openglengine2\openglengine2\header\AIBase.h(219): warning C4018: '<' : signed/unsigned mismatch
     1>c:\users\david.van oss\desktop\game-test\checkers\openglenginefinal\openglengine2\openglengine2\header\AIBase.h(237): warning C4018: '<' : signed/unsigned mismatch
     1>c:\users\david.van oss\desktop\game-test\checkers\openglenginefinal\openglengine2\openglengine2\header\AIBase.h(346): warning C4018: '<' : signed/unsigned mismatch
     1>c:\users\david.van oss\desktop\game-test\checkers\openglenginefinal\openglengine2\openglengine2\header\AIBase.h(393): warning C4018: '<' : signed/unsigned mismatch
     1>c:\users\david.van oss\desktop\game-test\checkers\openglenginefinal\openglengine2\openglengine2\header\AIBase.h(406): warning C4018: '<' : signed/unsigned mismatch
     1>c:\users\david.van oss\desktop\game-test\checkers\openglenginefinal\openglengine2\openglengine2\header\AIBase.h(437): warning C4018: '<' : signed/unsigned mismatch
     1>c:\users\david.van oss\desktop\game-test\checkers\openglenginefinal\openglengine2\openglengine2\header\AIBase.h(452): warning C4018: '<' : signed/unsigned mismatch
     1>c:\users\david.van oss\desktop\game-test\checkers\openglenginefinal\openglengine2\openglengine2\header\AIBase.h(475): warning C4018: '<' : signed/unsigned mismatch
     1>c:\users\david.van oss\desktop\game-test\checkers\openglenginefinal\openglengine2\openglengine2\header\AIBase.h(490): warning C4018: '<' : signed/unsigned mismatch
     1>c:\users\david.van oss\desktop\game-test\checkers\openglenginefinal\openglengine2\openglengine2\header\AIBase.h(521): warning C4018: '<' : signed/unsigned mismatch
     1>c:\users\david.van oss\desktop\game-test\checkers\openglenginefinal\openglengine2\openglengine2\header\AIBase.h(533): warning C4018: '<' : signed/unsigned mismatch
     1>c:\users\david.van oss\desktop\game-test\checkers\openglenginefinal\openglengine2\openglengine2\header\AIBase.h(557): warning C4018: '<' : signed/unsigned mismatch
     1>c:\users\david.van oss\desktop\game-test\checkers\openglenginefinal\openglengine2\openglengine2\header\AIBase.h(673): warning C4018: '<' : signed/unsigned mismatch
     1>c:\users\david.van oss\desktop\game-test\checkers\openglenginefinal\openglengine2\openglengine2\header\AIBase.h(683): warning C4018: '<' : signed/unsigned mismatch
     1>c:\users\david.van oss\desktop\game-test\checkers\openglenginefinal\openglengine2\openglengine2\header\AIBase.h(694): warning C4018: '<' : signed/unsigned mismatch
     1>c:\users\david.van oss\desktop\game-test\checkers\openglenginefinal\openglengine2\openglengine2\header\AIBase.h(802): warning C4018: '<' : signed/unsigned mismatch
     1>c:\users\david.van oss\desktop\game-test\checkers\openglenginefinal\openglengine2\openglengine2\header\AIBase.h(822): warning C4018: '<' : signed/unsigned mismatch
     1>c:\users\david.van oss\desktop\game-test\checkers\openglenginefinal\openglengine2\openglengine2\header\AIBase.h(824): warning C4244: 'initializing' : conversion from 'float' to 'int', possible loss of data
     1>c:\users\david.van oss\desktop\game-test\checkers\openglenginefinal\openglengine2\openglengine2\header\AIBase.h(825): warning C4244: 'initializing' : conversion from 'float' to 'int', possible loss of data
     1>c:\users\david.van oss\desktop\game-test\checkers\openglenginefinal\openglengine2\openglengine2\header\AIBase.h(828): warning C4018: '<' : signed/unsigned mismatch
     1>c:\users\david.van oss\desktop\game-test\checkers\openglenginefinal\openglengine2\openglengine2\header\AIBase.h(830): warning C4244: 'initializing' : conversion from 'float' to 'int', possible loss of data
     1>c:\users\david.van oss\desktop\game-test\checkers\openglenginefinal\openglengine2\openglengine2\header\AIBase.h(831): warning C4244: 'initializing' : conversion from 'float' to 'int', possible loss of data
     1>Source\CheckersApplication.cpp(92): warning C4018: '<' : signed/unsigned mismatch
     1>Source\CheckersApplication.cpp(94): warning C4244: 'argument' : conversion from 'float' to 'int', possible loss of data
     1>Source\CheckersApplication.cpp(101): warning C4018: '<' : signed/unsigned mismatch
     1>Source\CheckersApplication.cpp(105): warning C4018: '<' : signed/unsigned mismatch
     1>Source\CheckersApplication.cpp(245): warning C4018: '<' : signed/unsigned mismatch
       Link:
         C:\Program Files (x86)\Microsoft Visual Studio 12.0\VC\bin\link.exe /ERRORREPORT:PROMPT /OUT:"C:\Users\david.van oss\Desktop\game-test\Checkers\OpenGLEngineFinal\OpenGlEngine2\Release\OpenGlEngine2.exe" /INCREMENTAL /NOLOGO /LIBPATH:"./Dep/glfw/lib-vc2013" /LIBPATH:./Dep/fbx/lib /LIBPATH:./Dep/aieutilities/AntTweakBar/lib opengl32.lib glfw3.lib kernel32.lib user32.lib gdi32.lib winspool.lib comdlg32.lib advapi32.lib shell32.lib ole32.lib oleaut32.lib uuid.lib odbc32.lib odbccp32.lib /MANIFEST /MANIFESTUAC:"level='asInvoker' uiAccess='false'" /manifest:embed /DEBUG /PDB:"C:\Users\david.van oss\Desktop\game-test\Checkers\OpenGLEngineFinal\OpenGlEngine2\Release\OpenGlEngine2.pdb" /SUBSYSTEM:CONSOLE /OPT:REF /OPT:ICF /LTCG /TLBID:1 /DYNAMICBASE /NXCOMPAT /IMPLIB:"C:\Users\david.van oss\Desktop\game-test\Checkers\OpenGLEngineFinal\OpenGlEngine2\Release\OpenGlEngine2.lib" /MACHINE:X86 /SAFESEH Release\Gizmos_fix.obj
         Release\AI.obj
         Release\Application.obj
         Release\BaseCamera.obj
         Release\CheckersApplication.obj
         Release\CheckersBoard.obj
         Release\FlyCamera.obj
         Release\gl_core_4_4.obj
         Release\Main.obj
     1>LINK : warning LNK4075: ignoring '/INCREMENTAL' due to '/LTCG' specification
         Generating code
         Finished generating code
         OpenGlEngine2.vcxproj -> C:\Users\david.van oss\Desktop\game-test\Checkers\OpenGLEngineFinal\OpenGlEngine2\Release\OpenGlEngine2.exe
     1>Done Building Project "C:\Users\david.van oss\Desktop\game-test\Checkers\OpenGLEngineFinal\OpenGlEngine2\OpenGlEngine2\OpenGlEngine2.vcxproj" (Build target(s)).

Build succeeded.

Time Elapsed 00:00:06.53
